#! /usr/bin/vvp
:ivl_version "10.2 (stable)" "(v10_2)";
:ivl_delay_selection "TYPICAL";
:vpi_time_precision + 0;
:vpi_module "system";
:vpi_module "vhdl_sys";
:vpi_module "v2005_math";
:vpi_module "va_math";
S_0x5555e96f5150 .scope module, "cache_tb" "cache_tb" 2 1;
 .timescale 0 0;
v0x5555e97656b0_0 .net "Misscount", 31 0, v0x5555e9765130_0;  1 drivers
v0x5555e9765790_0 .var "clk", 0 0;
v0x5555e97658c0_0 .var/i "i", 31 0;
v0x5555e9765960_0 .var "input_address", 31 0;
v0x5555e9765ab0_0 .var/i "temp", 31 0;
S_0x5555e96f52d0 .scope module, "uut" "driver" 2 8, 3 4 0, S_0x5555e96f5150;
 .timescale 0 0;
    .port_info 0 /INPUT 32 "data"
    .port_info 1 /INPUT 1 "clk"
    .port_info 2 /INPUT 32 "address"
    .port_info 3 /INPUT 1 "hit256"
    .port_info 4 /INPUT 1 "hit512"
    .port_info 5 /OUTPUT 32 "Misscount"
    .port_info 6 /OUTPUT 32 "Hitcount"
v0x5555e9765050_0 .var "Hitcount", 31 0;
v0x5555e9765130_0 .var "Misscount", 31 0;
v0x5555e9765210_0 .net "address", 31 0, v0x5555e9765960_0;  1 drivers
v0x5555e97652b0_0 .net "clk", 0 0, v0x5555e9765790_0;  1 drivers
RS_0x7f2e76d84078 .resolv tri, v0x5555e9763bc0_0, v0x5555e97645b0_0, v0x5555e9764f00_0;
v0x5555e9765350_0 .net8 "data", 31 0, RS_0x7f2e76d84078;  3 drivers
v0x5555e9765460_0 .net "hit256", 0 0, v0x5555e9763e90_0;  1 drivers
v0x5555e9765550_0 .net "hit512", 0 0, v0x5555e97648a0_0;  1 drivers
S_0x5555e9732580 .scope module, "cache" "Cache" 3 6, 4 1 0, S_0x5555e96f52d0;
 .timescale 0 0;
    .port_info 0 /INPUT 1 "clk"
    .port_info 1 /INPUT 32 "address"
    .port_info 2 /OUTPUT 32 "cacheOutput"
    .port_info 3 /OUTPUT 1 "result"
v0x5555e97421b0_0 .net "address", 31 0, v0x5555e9765960_0;  alias, 1 drivers
v0x5555e97419d0_0 .var "blockOffset", 3 0;
v0x5555e9741560 .array "cache", 255 0, 533 0;
v0x5555e9763bc0_0 .var "cacheOutput", 31 0;
v0x5555e9763ca0_0 .net "clk", 0 0, v0x5555e9765790_0;  alias, 1 drivers
v0x5555e9763db0_0 .var "index", 7 0;
v0x5555e9763e90_0 .var "result", 0 0;
v0x5555e9763f50_0 .var "tag", 19 0;
v0x5555e9764030_0 .var "valid", 0 0;
E_0x5555e972ecd0 .event posedge, v0x5555e9763ca0_0;
S_0x5555e9764170 .scope module, "cache512" "Cache512" 3 7, 5 1 0, S_0x5555e96f52d0;
 .timescale 0 0;
    .port_info 0 /INPUT 1 "clk"
    .port_info 1 /INPUT 32 "address"
    .port_info 2 /OUTPUT 32 "cacheOutput"
    .port_info 3 /OUTPUT 1 "result"
    .port_info 4 /INPUT 1 "hit256"
v0x5555e9764390_0 .net "address", 31 0, v0x5555e9765960_0;  alias, 1 drivers
v0x5555e9764450_0 .var "blockOffset", 3 0;
v0x5555e9764510 .array "cache", 511 0, 533 0;
v0x5555e97645b0_0 .var "cacheOutput", 31 0;
v0x5555e9764670_0 .net "clk", 0 0, v0x5555e9765790_0;  alias, 1 drivers
v0x5555e9764760_0 .net "hit256", 0 0, v0x5555e9763e90_0;  alias, 1 drivers
v0x5555e9764800_0 .var "index", 8 0;
v0x5555e97648a0_0 .var "result", 0 0;
v0x5555e9764940_0 .var "tag", 18 0;
S_0x5555e9764af0 .scope module, "main_memory" "MainMemory" 3 8, 6 1 0, S_0x5555e96f52d0;
 .timescale 0 0;
    .port_info 0 /INPUT 1 "clk"
    .port_info 1 /INPUT 32 "address"
    .port_info 2 /OUTPUT 32 "data"
v0x5555e9764cc0_0 .net "address", 31 0, v0x5555e9765960_0;  alias, 1 drivers
v0x5555e9764df0_0 .net "clk", 0 0, v0x5555e9765790_0;  alias, 1 drivers
v0x5555e9764f00_0 .var "data", 31 0;
    .scope S_0x5555e9732580;
T_0 ;
    %wait E_0x5555e972ecd0;
    %load/vec4 v0x5555e97421b0_0;
    %parti/s 20, 12, 5;
    %assign/vec4 v0x5555e9763f50_0, 0;
    %load/vec4 v0x5555e97421b0_0;
    %parti/s 8, 4, 4;
    %assign/vec4 v0x5555e9763db0_0, 0;
    %load/vec4 v0x5555e97421b0_0;
    %parti/s 4, 0, 2;
    %assign/vec4 v0x5555e97419d0_0, 0;
    %load/vec4 v0x5555e9763db0_0;
    %pad/u 10;
    %ix/vec4 4;
    %load/vec4a v0x5555e9741560, 4;
    %parti/s 1, 533, 11;
    %assign/vec4 v0x5555e9764030_0, 0;
    %load/vec4 v0x5555e9763f50_0;
    %load/vec4 v0x5555e9763db0_0;
    %pad/u 10;
    %ix/vec4 4;
    %load/vec4a v0x5555e9741560, 4;
    %parti/s 20, 513, 11;
    %cmp/e;
    %flag_get/vec4 4;
    %load/vec4 v0x5555e9764030_0;
    %pushi/vec4 1, 0, 1;
    %cmp/e;
    %flag_get/vec4 4;
    %and;
    %flag_set/vec4 8;
    %jmp/0xz  T_0.0, 8;
    %pushi/vec4 1, 0, 1;
    %assign/vec4 v0x5555e9763e90_0, 0;
    %jmp T_0.1;
T_0.0 ;
    %load/vec4 v0x5555e9763f50_0;
    %load/vec4 v0x5555e9763db0_0;
    %pad/u 10;
    %ix/vec4 4;
    %flag_mov 8, 4;
    %ix/load 5, 513, 0;
    %flag_set/imm 4, 0;
    %flag_or 4, 8;
    %store/vec4a v0x5555e9741560, 4, 5;
    %pushi/vec4 1, 0, 1;
    %load/vec4 v0x5555e9763db0_0;
    %pad/u 10;
    %ix/vec4 4;
    %flag_mov 8, 4;
    %ix/load 5, 533, 0;
    %flag_set/imm 4, 0;
    %flag_or 4, 8;
    %store/vec4a v0x5555e9741560, 4, 5;
    %pushi/vec4 0, 0, 1;
    %assign/vec4 v0x5555e9763e90_0, 0;
T_0.1 ;
    %jmp T_0;
    .thread T_0;
    .scope S_0x5555e9764170;
T_1 ;
    %wait E_0x5555e972ecd0;
    %load/vec4 v0x5555e9764390_0;
    %parti/s 19, 13, 5;
    %assign/vec4 v0x5555e9764940_0, 0;
    %load/vec4 v0x5555e9764390_0;
    %parti/s 9, 4, 4;
    %assign/vec4 v0x5555e9764800_0, 0;
    %load/vec4 v0x5555e9764390_0;
    %parti/s 4, 0, 2;
    %assign/vec4 v0x5555e9764450_0, 0;
    %load/vec4 v0x5555e9764940_0;
    %load/vec4 v0x5555e9764800_0;
    %pad/u 11;
    %ix/vec4 4;
    %load/vec4a v0x5555e9764510, 4;
    %parti/s 19, 514, 11;
    %cmp/e;
    %jmp/0xz  T_1.0, 4;
    %pushi/vec4 1, 0, 1;
    %assign/vec4 v0x5555e97648a0_0, 0;
    %jmp T_1.1;
T_1.0 ;
    %load/vec4 v0x5555e9764760_0;
    %pad/u 32;
    %cmpi/e 0, 0, 32;
    %jmp/0xz  T_1.2, 4;
    %load/vec4 v0x5555e9764940_0;
    %load/vec4 v0x5555e9764800_0;
    %pad/u 11;
    %ix/vec4 4;
    %flag_mov 8, 4;
    %ix/load 5, 514, 0;
    %flag_set/imm 4, 0;
    %flag_or 4, 8;
    %store/vec4a v0x5555e9764510, 4, 5;
    %pushi/vec4 0, 0, 1;
    %assign/vec4 v0x5555e97648a0_0, 0;
T_1.2 ;
T_1.1 ;
    %jmp T_1;
    .thread T_1;
    .scope S_0x5555e9764af0;
T_2 ;
    %wait E_0x5555e972ecd0;
    %load/vec4 v0x5555e9764cc0_0;
    %assign/vec4 v0x5555e9764f00_0, 0;
    %jmp T_2;
    .thread T_2;
    .scope S_0x5555e96f52d0;
T_3 ;
    %wait E_0x5555e972ecd0;
    %load/vec4 v0x5555e9765460_0;
    %pad/u 32;
    %pushi/vec4 0, 0, 32;
    %cmp/e;
    %flag_get/vec4 4;
    %load/vec4 v0x5555e9765550_0;
    %pad/u 32;
    %pushi/vec4 0, 0, 32;
    %cmp/e;
    %flag_get/vec4 4;
    %and;
    %flag_set/vec4 8;
    %jmp/0xz  T_3.0, 8;
    %load/vec4 v0x5555e9765130_0;
    %addi 1, 0, 32;
    %assign/vec4 v0x5555e9765130_0, 0;
T_3.0 ;
    %jmp T_3;
    .thread T_3;
    .scope S_0x5555e96f5150;
T_4 ;
    %vpi_call 2 15 "$dumpfile", "cacheResult.vcd" {0 0 0};
    %vpi_call 2 16 "$dumpvars", 32'sb00000000000000000000000000000000, S_0x5555e96f5150 {0 0 0};
    %vpi_func 2 17 "$fopen" 32, "gcc.txt", "r" {0 0 0};
    %store/vec4 v0x5555e97658c0_0, 0, 32;
    %pushi/vec4 0, 0, 1;
    %store/vec4 v0x5555e9765790_0, 0, 1;
    %pushi/vec4 0, 0, 32;
    %store/vec4 v0x5555e9765130_0, 0, 32;
T_4.0 ;
    %vpi_func 2 21 "$feof" 32, v0x5555e97658c0_0 {0 0 0};
    %nor/r;
    %flag_set/vec4 8;
    %jmp/0xz T_4.1, 8;
    %vpi_func 2 22 "$fscanf" 32, v0x5555e97658c0_0, "%h\012", v0x5555e9765960_0 {0 0 0};
    %store/vec4 v0x5555e9765ab0_0, 0, 32;
    %delay 4, 0;
    %jmp T_4.0;
T_4.1 ;
    %vpi_call 2 25 "$fclose", v0x5555e97658c0_0 {0 0 0};
    %vpi_call 2 26 "$finish" {0 0 0};
    %end;
    .thread T_4;
    .scope S_0x5555e96f5150;
T_5 ;
    %delay 2, 0;
    %load/vec4 v0x5555e9765790_0;
    %inv;
    %store/vec4 v0x5555e9765790_0, 0, 1;
    %vpi_call 2 30 "$display", "clk=%b", v0x5555e9765790_0, "misscount=%d", v0x5555e97656b0_0 {0 0 0};
    %jmp T_5;
    .thread T_5;
# The file index is used to find the file name in the following table.
:file_names 7;
    "N/A";
    "<interactive>";
    "cache_tb.v";
    "driver.v";
    "./Cache.v";
    "./Cache512.v";
    "./MainMemory.v";
